{
    "level": "info",
    "message": "HTTP REST API Server is now running at http://localhost:9003"
}
{
    "level": "info",
    "message": "Error during datasource initialization"
}
{
    "level": "info",
    "message": "The datasource has been initialized successfully"
}
{
    "level": "info",
    "message": "HTTP REST API Server is now running at http://localhost:9003"
}
{
    "level": "info",
    "message": "The datasource has been initialized successfully"
}
{
    "level": "info",
    "message": "HTTP REST API Server is now running at http://localhost:9003"
}
{
    "level": "info",
    "message": "The datasource has been initialized successfully"
}
{
    "level": "info",
    "message": "HTTP REST API Server is now running at http://localhost:9003"
}
{
    "level": "info",
    "message": "The datasource has been initialized successfully"
}
{
    "level": "info",
    "message": "HTTP REST API Server is now running at http://localhost:9003"
}
{
    "level": "info",
    "message": "The datasource has been initialized successfully"
}
{
    "level": "info",
    "message": "HTTP REST API Server is now running at http://localhost:9003"
}
{
    "level": "info",
    "message": "The datasource has been initialized successfully"
}
{
    "level": "info",
    "message": "HTTP REST API Server is now running at http://localhost:9003"
}
{
    "level": "info",
    "message": "The datasource has been initialized successfully"
}
{
    "level": "info",
    "message": "HTTP REST API Server is now running at http://localhost:9003"
}
{
    "level": "info",
    "message": "The datasource has been initialized successfully"
}
{
    "level": "info",
    "message": "HTTP REST API Server is now running at http://localhost:9003"
}
{
    "level": "debug",
    "message": "Called getAllCourses()"
}
{
    "level": "info",
    "message": "The datasource has been initialized successfully"
}
{
    "level": "info",
    "message": "HTTP REST API Server is now running at http://localhost:9003"
}
{
    "level": "debug",
    "message": "Called getAllCourses()"
}
{
    "level": "info",
    "message": "The datasource has been initialized successfully"
}
{
    "level": "info",
    "message": "HTTP REST API Server is now running at http://localhost:9003"
}
{
    "level": "debug",
    "message": "Called getAllCourses()"
}
{
    "level": "info",
    "message": "The datasource has been initialized successfully"
}
{
    "level": "info",
    "message": "HTTP REST API Server is now running at http://localhost:9003"
}
{
    "level": "debug",
    "message": "Called getAllCourses()"
}
{
    "level": "info",
    "message": "The datasource has been initialized successfully"
}
{
    "level": "info",
    "message": "HTTP REST API Server is now running at http://localhost:9003"
}
{
    "level": "debug",
    "message": "Called getAllCourses()"
}
{
    "level": "info",
    "message": "The datasource has been initialized successfully"
}
{
    "level": "info",
    "message": "HTTP REST API Server is now running at http://localhost:9003"
}
{
    "level": "info",
    "message": "The datasource has been initialized successfully"
}
{
    "level": "info",
    "message": "HTTP REST API Server is now running at http://localhost:9003"
}
{
    "level": "info",
    "message": "The datasource has been initialized successfully"
}
{
    "level": "info",
    "message": "HTTP REST API Server is now running at http://localhost:9003"
}
{
    "level": "debug",
    "message": "Called getAllCourses()"
}
{
    "level": "info",
    "message": "The datasource has been initialized successfully"
}
{
    "level": "info",
    "message": "HTTP REST API Server is now running at http://localhost:9003"
}
{
    "level": "debug",
    "message": "Called getAllCourses()"
}
{
    "level": "info",
    "message": "The datasource has been initialized successfully"
}
{
    "level": "info",
    "message": "HTTP REST API Server is now running at http://localhost:9003"
}
{
    "level": "info",
    "message": "The datasource has been initialized successfully"
}
{
    "level": "info",
    "message": "The datasource has been initialized successfully"
}
{
    "level": "info",
    "message": "HTTP REST API Server is now running at http://localhost:9003"
}
{
    "level": "debug",
    "message": "Called getAllCourses()"
}
{
    "level": "error",
    "message": "Error calling getAllCourses()"
}
{
    "level": "info",
    "message": "The datasource has been initialized successfully"
}
{
    "level": "debug",
    "message": "Called getAllCourses()"
}
{
    "level": "error",
    "message": "Error calling getAllCourses()"
}
{
    "level": "info",
    "message": "The datasource has been initialized successfully"
}
{
    "level": "info",
    "message": "The datasource has been initialized successfully"
}
{
    "level": "info",
    "message": "HTTP REST API Server is now running at http://localhost:9003"
}
{
    "level": "info",
    "message": "The datasource has been initialized successfully"
}
{
    "level": "info",
    "message": "HTTP REST API Server is now running at http://localhost:9003"
}
{
    "level": "info",
    "message": "The datasource has been initialized successfully"
}
{
    "level": "info",
    "message": "The datasource has been initialized successfully"
}
{
    "level": "info",
    "message": "HTTP REST API Server is now running at http://localhost:9003"
}
{
    "level": "info",
    "message": "The datasource has been initialized successfully"
}
{
    "level": "info",
    "message": "The datasource has been initialized successfully"
}
{
    "level": "info",
    "message": "The datasource has been initialized successfully"
}
{
    "level": "info",
    "message": "HTTP REST API Server is now running at http://localhost:9003"
}
{
    "level": "info",
    "message": "The datasource has been initialized successfully"
}
{
    "level": "info",
    "message": "HTTP REST API Server is now running at http://localhost:9003"
}
{
    "level": "info",
    "message": "The datasource has been initialized successfully"
}
{
    "level": "info",
    "message": "The datasource has been initialized successfully"
}
{
    "level": "info",
    "message": "HTTP REST API Server is now running at http://localhost:9003"
}
{
    "level": "info",
    "message": "The datasource has been initialized successfully"
}
{
    "level": "debug",
    "message": "Called getAllCourses()"
}
{
    "level": "info",
    "message": "The datasource has been initialized successfully"
}
{
    "level": "info",
    "message": "HTTP REST API Server is now running at http://localhost:9003"
}
{
    "level": "info",
    "message": "The datasource has been initialized successfully"
}
{
    "level": "debug",
    "message": "Called getAllCourses()"
}
{
    "level": "error",
    "message": "Error calling getAllCourses()"
}
{
    "error": "Thrown Error!",
    "level": "error",
    "message": "Default error handler triggered; reason: "
}
{
    "level": "info",
    "message": "The datasource has been initialized successfully"
}
{
    "level": "info",
    "message": "HTTP REST API Server is now running at http://localhost:9003"
}
{
    "level": "info",
    "message": "The datasource has been initialized successfully"
}
{
    "level": "info",
    "message": "The datasource has been initialized successfully"
}
{
    "level": "info",
    "message": "HTTP REST API Server is now running at http://localhost:9003"
}
{
    "level": "info",
    "message": "The datasource has been initialized successfully"
}
